<?xml version="1.0" encoding="UTF-8"?>
<!-- Generated by org.testng.reporters.JUnitXMLReporter -->
<testsuite hostname="LAPTOP-M0V13TJR" ignored="0" name="Default test" tests="8" failures="0" timestamp="2020-11-20T21:26:05 IST" time="50.473" errors="0">
  <testcase name="a_URL" time="28.081" classname="testingPackage.testJavaSourceCode"/>
  <testcase name="b_sourceCity" time="4.469" classname="testingPackage.testJavaSourceCode"/>
  <testcase name="c_destinationCity" time="3.483" classname="testingPackage.testJavaSourceCode"/>
  <testcase name="d_dateOfTravel" time="10.703" classname="testingPackage.testJavaSourceCode"/>
  <testcase name="e_adults" time="0.978" classname="testingPackage.testJavaSourceCode"/>
  <testcase name="f_childrens" time="0.958" classname="testingPackage.testJavaSourceCode"/>
  <testcase name="g_infants" time="0.579" classname="testingPackage.testJavaSourceCode"/>
  <testcase name="h_travelType" time="1.111" classname="testingPackage.testJavaSourceCode"/>
</testsuite> <!-- Default test -->
